<?xml version="1.0" encoding="UTF-8"?>
<!-- Generated by org.testng.reporters.JUnitReportReporter -->
<testsuite hostname="DESKTOP-2RJCVTH" failures="0" tests="1" name="Selenium.Project1.AppTest" time="1.690" errors="0" timestamp="2023-03-12T14:11:55 IST" skipped="0">
  <testcase classname="Selenium.Project1.AppTest" name="Run" time="1.690"/>
  <system-out/>
</testsuite> <!-- Selenium.Project1.AppTest -->
