<?xml version="1.0" encoding="UTF-8"?>
<!-- Generated by org.testng.reporters.JUnitReportReporter -->
<testsuite hostname="DESKTOP-2RJCVTH" failures="0" tests="1" name="TestCases.AppTest" time="15.779" errors="0" timestamp="2023-03-12T16:33:31 IST" skipped="0">
  <testcase classname="TestCases.AppTest" name="Run" time="15.779"/>
  <system-out/>
</testsuite> <!-- TestCases.AppTest -->
